mode: set
github.com/parthmeh-cisco/simplebank/api/account.go:17.55,19.49 2 1
github.com/parthmeh-cisco/simplebank/api/account.go:19.49,22.3 2 1
github.com/parthmeh-cisco/simplebank/api/account.go:24.2,31.16 3 1
github.com/parthmeh-cisco/simplebank/api/account.go:31.16,32.39 1 1
github.com/parthmeh-cisco/simplebank/api/account.go:32.39,33.29 1 0
github.com/parthmeh-cisco/simplebank/api/account.go:34.53,36.11 2 0
github.com/parthmeh-cisco/simplebank/api/account.go:39.3,40.9 2 1
github.com/parthmeh-cisco/simplebank/api/account.go:43.2,43.34 1 1
github.com/parthmeh-cisco/simplebank/api/account.go:50.52,52.48 2 1
github.com/parthmeh-cisco/simplebank/api/account.go:52.48,55.3 2 1
github.com/parthmeh-cisco/simplebank/api/account.go:57.2,58.16 2 1
github.com/parthmeh-cisco/simplebank/api/account.go:58.16,59.27 1 1
github.com/parthmeh-cisco/simplebank/api/account.go:59.27,62.4 2 1
github.com/parthmeh-cisco/simplebank/api/account.go:64.3,65.9 2 1
github.com/parthmeh-cisco/simplebank/api/account.go:68.2,68.34 1 1
github.com/parthmeh-cisco/simplebank/api/account.go:76.54,78.50 2 1
github.com/parthmeh-cisco/simplebank/api/account.go:78.50,81.3 2 1
github.com/parthmeh-cisco/simplebank/api/account.go:83.2,89.16 3 1
github.com/parthmeh-cisco/simplebank/api/account.go:89.16,92.3 2 1
github.com/parthmeh-cisco/simplebank/api/account.go:94.2,94.35 1 1
github.com/parthmeh-cisco/simplebank/api/middleware.go:19.61,20.32 1 1
github.com/parthmeh-cisco/simplebank/api/middleware.go:20.32,22.36 2 1
github.com/parthmeh-cisco/simplebank/api/middleware.go:22.36,26.4 3 1
github.com/parthmeh-cisco/simplebank/api/middleware.go:28.3,29.22 2 1
github.com/parthmeh-cisco/simplebank/api/middleware.go:29.22,33.4 3 1
github.com/parthmeh-cisco/simplebank/api/middleware.go:35.3,36.51 2 1
github.com/parthmeh-cisco/simplebank/api/middleware.go:36.51,40.4 3 1
github.com/parthmeh-cisco/simplebank/api/middleware.go:42.3,44.17 3 1
github.com/parthmeh-cisco/simplebank/api/middleware.go:44.17,47.4 2 1
github.com/parthmeh-cisco/simplebank/api/middleware.go:49.3,50.13 2 1
github.com/parthmeh-cisco/simplebank/api/server.go:23.69,25.16 2 1
github.com/parthmeh-cisco/simplebank/api/server.go:25.16,27.3 1 0
github.com/parthmeh-cisco/simplebank/api/server.go:29.2,35.67 2 1
github.com/parthmeh-cisco/simplebank/api/server.go:35.67,37.3 1 1
github.com/parthmeh-cisco/simplebank/api/server.go:39.2,40.20 2 1
github.com/parthmeh-cisco/simplebank/api/server.go:43.37,56.2 8 1
github.com/parthmeh-cisco/simplebank/api/server.go:59.51,61.2 1 0
github.com/parthmeh-cisco/simplebank/api/server.go:63.37,65.2 1 1
github.com/parthmeh-cisco/simplebank/api/transfer.go:19.56,21.49 2 1
github.com/parthmeh-cisco/simplebank/api/transfer.go:21.49,24.3 2 1
github.com/parthmeh-cisco/simplebank/api/transfer.go:26.2,26.64 1 1
github.com/parthmeh-cisco/simplebank/api/transfer.go:26.64,28.3 1 1
github.com/parthmeh-cisco/simplebank/api/transfer.go:30.2,30.62 1 1
github.com/parthmeh-cisco/simplebank/api/transfer.go:30.62,32.3 1 1
github.com/parthmeh-cisco/simplebank/api/transfer.go:34.2,41.16 3 1
github.com/parthmeh-cisco/simplebank/api/transfer.go:41.16,44.3 2 1
github.com/parthmeh-cisco/simplebank/api/transfer.go:46.2,46.33 1 1
github.com/parthmeh-cisco/simplebank/api/transfer.go:49.93,51.16 2 1
github.com/parthmeh-cisco/simplebank/api/transfer.go:51.16,52.27 1 1
github.com/parthmeh-cisco/simplebank/api/transfer.go:52.27,55.4 2 1
github.com/parthmeh-cisco/simplebank/api/transfer.go:57.3,58.15 2 1
github.com/parthmeh-cisco/simplebank/api/transfer.go:61.2,61.34 1 1
github.com/parthmeh-cisco/simplebank/api/transfer.go:61.34,65.3 3 1
github.com/parthmeh-cisco/simplebank/api/transfer.go:67.2,67.13 1 1
github.com/parthmeh-cisco/simplebank/api/user.go:29.49,37.2 1 1
github.com/parthmeh-cisco/simplebank/api/user.go:39.52,41.49 2 1
github.com/parthmeh-cisco/simplebank/api/user.go:41.49,44.3 2 1
github.com/parthmeh-cisco/simplebank/api/user.go:46.2,47.16 2 1
github.com/parthmeh-cisco/simplebank/api/user.go:47.16,50.3 2 0
github.com/parthmeh-cisco/simplebank/api/user.go:52.2,60.16 3 1
github.com/parthmeh-cisco/simplebank/api/user.go:60.16,61.39 1 1
github.com/parthmeh-cisco/simplebank/api/user.go:61.39,62.29 1 1
github.com/parthmeh-cisco/simplebank/api/user.go:63.28,65.11 2 1
github.com/parthmeh-cisco/simplebank/api/user.go:68.3,69.9 2 1
github.com/parthmeh-cisco/simplebank/api/user.go:72.2,73.30 2 1
github.com/parthmeh-cisco/simplebank/api/user.go:86.51,88.49 2 0
github.com/parthmeh-cisco/simplebank/api/user.go:88.49,91.3 2 0
github.com/parthmeh-cisco/simplebank/api/user.go:93.2,94.16 2 0
github.com/parthmeh-cisco/simplebank/api/user.go:94.16,95.27 1 0
github.com/parthmeh-cisco/simplebank/api/user.go:95.27,98.4 2 0
github.com/parthmeh-cisco/simplebank/api/user.go:99.3,100.9 2 0
github.com/parthmeh-cisco/simplebank/api/user.go:103.2,104.16 2 0
github.com/parthmeh-cisco/simplebank/api/user.go:104.16,107.3 2 0
github.com/parthmeh-cisco/simplebank/api/user.go:109.2,113.16 2 0
github.com/parthmeh-cisco/simplebank/api/user.go:113.16,116.3 2 0
github.com/parthmeh-cisco/simplebank/api/user.go:118.2,123.30 2 0
github.com/parthmeh-cisco/simplebank/api/validator.go:8.79,9.65 1 1
github.com/parthmeh-cisco/simplebank/api/validator.go:9.65,11.3 1 1
github.com/parthmeh-cisco/simplebank/api/validator.go:12.2,12.14 1 0
